<?xml version="1.0" encoding="UTF-8"?>
<!-- Generated by org.testng.reporters.JUnitReportReporter -->
<testsuite hostname="Ashutosh" failures="0" tests="5" name="TestNG.TestNgFB" time="102.647" errors="0" timestamp="2022-08-13T08:34:17 IST" skipped="0">
  <testcase classname="TestNG.TestNgFB" name="FbloginVallid" time="17.890"/>
  <system-out/>
  <testcase classname="TestNG.TestNgFB" name="FbloginVallid" time="19.867"/>
  <system-out/>
  <testcase classname="TestNG.TestNgFB" name="FbloginInvallid" time="17.822"/>
  <system-out/>
  <testcase classname="TestNG.TestNgFB" name="signUpclick" time="13.904"/>
  <system-out/>
  <testcase classname="TestNG.TestNgFB" name="forgottpassClick" time="33.164"/>
  <system-out/>
</testsuite> <!-- TestNG.TestNgFB -->
