<?xml version="1.0" encoding="UTF-8"?>
<!-- Generated by org.testng.reporters.JUnitReportReporter -->
<testsuite hostname="Ashutosh" failures="0" tests="2" name="TestNG.anotation" time="0.005" errors="0" timestamp="2022-08-13T08:34:17 IST" skipped="0">
  <testcase classname="TestNG.anotation" name="test1" time="0.001"/>
  <system-out/>
  <testcase classname="TestNG.anotation" name="test2" time="0.004"/>
  <system-out/>
</testsuite> <!-- TestNG.anotation -->
